Database: /home/chow/Applications/sonospy/sonospy/unitTest.db
Scanning: /home/chow/Applications/sonospy/sonospy/unit test files/music tracks/tracks for main tests
Scannumber: 1
New file found: No albumartist.flac, /home/chow/Applications/sonospy/sonospy/unit test files/music tracks/tracks for main tests/FLAC
New file found: The The handling track.flac, /home/chow/Applications/sonospy/sonospy/unit test files/music tracks/tracks for main tests/FLAC
New file found: blank track #1.flac, /home/chow/Applications/sonospy/sonospy/unit test files/music tracks/tracks for main tests/FLAC
New file found: blank track #2.flac, /home/chow/Applications/sonospy/sonospy/unit test files/music tracks/tracks for main tests/FLAC
New file found: duplicated track No 2.flac, /home/chow/Applications/sonospy/sonospy/unit test files/music tracks/tracks for main tests/FLAC
New file found: multi-tag.flac, /home/chow/Applications/sonospy/sonospy/unit test files/music tracks/tracks for main tests/FLAC
New file found: unicoded track.flac, /home/chow/Applications/sonospy/sonospy/unit test files/music tracks/tracks for main tests/FLAC
New file found: imbedded art.flac, /home/chow/Applications/sonospy/sonospy/unit test files/music tracks/tracks for main tests/FLAC/Folder Art Tests
New file found: no imbedded art.flac, /home/chow/Applications/sonospy/sonospy/unit test files/music tracks/tracks for main tests/FLAC/Folder Art Tests
New file found: No albumartist.mp3, /home/chow/Applications/sonospy/sonospy/unit test files/music tracks/tracks for main tests/MP3
New file found: The The handling track.mp3, /home/chow/Applications/sonospy/sonospy/unit test files/music tracks/tracks for main tests/MP3
New file found: blank track #1.mp3, /home/chow/Applications/sonospy/sonospy/unit test files/music tracks/tracks for main tests/MP3
New file found: blank track #2.mp3, /home/chow/Applications/sonospy/sonospy/unit test files/music tracks/tracks for main tests/MP3
New file found: duplicated track No 2.mp3, /home/chow/Applications/sonospy/sonospy/unit test files/music tracks/tracks for main tests/MP3
New file found: multi-tag.mp3, /home/chow/Applications/sonospy/sonospy/unit test files/music tracks/tracks for main tests/MP3
New file found: unicoded track.mp3, /home/chow/Applications/sonospy/sonospy/unit test files/music tracks/tracks for main tests/MP3
New file found: imbedded art.mp3, /home/chow/Applications/sonospy/sonospy/unit test files/music tracks/tracks for main tests/MP3/Folder Art Tests
New file found: no imbedded art.mp3, /home/chow/Applications/sonospy/sonospy/unit test files/music tracks/tracks for main tests/MP3/Folder Art Tests
Processing tags
Tags processed
Database: /home/chow/Applications/sonospy/sonospy/unitTest.db
Deleting outstanding updates
Outstanding updates deleted
Generating change data
Scannumber: 2
Change data generated
Processing tags
Tags processed
Database: /home/chow/Applications/sonospy/sonospy/unitTest.db
Scanning: /home/chow/Applications/sonospy/sonospy/unit test files/music tracks/tracks for main tests
Scannumber: 1
New file found: No albumartist.flac, /home/chow/Applications/sonospy/sonospy/unit test files/music tracks/tracks for main tests/FLAC
New file found: The The handling track.flac, /home/chow/Applications/sonospy/sonospy/unit test files/music tracks/tracks for main tests/FLAC
New file found: blank track #1.flac, /home/chow/Applications/sonospy/sonospy/unit test files/music tracks/tracks for main tests/FLAC
New file found: blank track #2.flac, /home/chow/Applications/sonospy/sonospy/unit test files/music tracks/tracks for main tests/FLAC
New file found: duplicated track No 2.flac, /home/chow/Applications/sonospy/sonospy/unit test files/music tracks/tracks for main tests/FLAC
New file found: multi-tag.flac, /home/chow/Applications/sonospy/sonospy/unit test files/music tracks/tracks for main tests/FLAC
New file found: unicoded track.flac, /home/chow/Applications/sonospy/sonospy/unit test files/music tracks/tracks for main tests/FLAC
New file found: imbedded art.flac, /home/chow/Applications/sonospy/sonospy/unit test files/music tracks/tracks for main tests/FLAC/Folder Art Tests
New file found: no imbedded art.flac, /home/chow/Applications/sonospy/sonospy/unit test files/music tracks/tracks for main tests/FLAC/Folder Art Tests
New file found: No albumartist.mp3, /home/chow/Applications/sonospy/sonospy/unit test files/music tracks/tracks for main tests/MP3
New file found: The The handling track.mp3, /home/chow/Applications/sonospy/sonospy/unit test files/music tracks/tracks for main tests/MP3
New file found: blank track #1.mp3, /home/chow/Applications/sonospy/sonospy/unit test files/music tracks/tracks for main tests/MP3
New file found: blank track #2.mp3, /home/chow/Applications/sonospy/sonospy/unit test files/music tracks/tracks for main tests/MP3
New file found: duplicated track No 2.mp3, /home/chow/Applications/sonospy/sonospy/unit test files/music tracks/tracks for main tests/MP3
New file found: multi-tag.mp3, /home/chow/Applications/sonospy/sonospy/unit test files/music tracks/tracks for main tests/MP3
New file found: unicoded track.mp3, /home/chow/Applications/sonospy/sonospy/unit test files/music tracks/tracks for main tests/MP3
New file found: imbedded art.mp3, /home/chow/Applications/sonospy/sonospy/unit test files/music tracks/tracks for main tests/MP3/Folder Art Tests
New file found: no imbedded art.mp3, /home/chow/Applications/sonospy/sonospy/unit test files/music tracks/tracks for main tests/MP3/Folder Art Tests
Processing tags
Tags processed
Database: /home/chow/Applications/sonospy/sonospy/unitTest.db
Scanning: /home/chow/Applications/sonospy/sonospy/unit test files/music tracks/copy target location during update scan test
Scannumber: 1
New file found: Modified one.flac, /home/chow/Applications/sonospy/sonospy/unit test files/music tracks/copy target location during update scan test
New file found: Modified two.flac, /home/chow/Applications/sonospy/sonospy/unit test files/music tracks/copy target location during update scan test
New file found: Unmodified.flac, /home/chow/Applications/sonospy/sonospy/unit test files/music tracks/copy target location during update scan test
New file found: Will be deleted.flac, /home/chow/Applications/sonospy/sonospy/unit test files/music tracks/copy target location during update scan test
Scanning: /home/chow/Applications/sonospy/sonospy/unit test files/music tracks/tracks for update scan art test
Scannumber: 2
New file found: Has imbedded art.flac, /home/chow/Applications/sonospy/sonospy/unit test files/music tracks/tracks for update scan art test
New file found: Has no art of its own.flac, /home/chow/Applications/sonospy/sonospy/unit test files/music tracks/tracks for update scan art test
Processing tags
Tags processed
Database: /home/chow/Applications/sonospy/sonospy/unitTest.db
Scanning: /home/chow/Applications/sonospy/sonospy/unit test files/music tracks/copy target location during update scan test
Scannumber: 3
Existing file updated: Modified one.flac, /home/chow/Applications/sonospy/sonospy/unit test files/music tracks/copy target location during update scan test
Existing file updated: Modified two.flac, /home/chow/Applications/sonospy/sonospy/unit test files/music tracks/copy target location during update scan test
Existing file updated: Unmodified.flac, /home/chow/Applications/sonospy/sonospy/unit test files/music tracks/copy target location during update scan test
New file found: Will be inserted 01.flac, /home/chow/Applications/sonospy/sonospy/unit test files/music tracks/copy target location during update scan test
New file found: Will be inserted 02.flac, /home/chow/Applications/sonospy/sonospy/unit test files/music tracks/copy target location during update scan test
Existing file not found: Will be deleted.flac, /home/chow/Applications/sonospy/sonospy/unit test files/music tracks/copy target location during update scan test
Scanning: /home/chow/Applications/sonospy/sonospy/unit test files/music tracks/tracks for update scan art test
Scannumber: 4
Existing file updated: Has imbedded art.flac, /home/chow/Applications/sonospy/sonospy/unit test files/music tracks/tracks for update scan art test
Existing file updated: Has no art of its own.flac, /home/chow/Applications/sonospy/sonospy/unit test files/music tracks/tracks for update scan art test
Processing tags
Tags processed
./gettags.py -d unitTest.db /home/chow/Applications/sonospy/sonospy/unit\ test\ files/music\ tracks/tracks\ for\ main\ tests
./movetags.py -s unitTest.db -d unitTest.db
./gettags.py -d unitTest.db -r
./movetags.py -s unitTest.db -d unitTest.db -r
./gettags.py -d unitTest.db /home/chow/Applications/sonospy/sonospy/unit\ test\ files/music\ tracks/tracks\ for\ main\ tests
./movetags.py -s unitTest.db -d unitTest.db
Cloning BEFORE data to: /home/chow/Applications/sonospy/sonospy/unit test files/music tracks/copy target location during update scan test
Cloning /home/chow/Applications/sonospy/sonospy/unit test files/music tracks/tracks for update scan test/before update: ['Unmodified.flac', 'Modified two.flac', 'Modified one.flac', 'Will be deleted.flac']
./gettags.py -d unitTest.db /home/chow/Applications/sonospy/sonospy/unit\ test\ files/music\ tracks/copy\ target\ location\ during\ update\ scan\ test /home/chow/Applications/sonospy/sonospy/unit\ test\ files/music\ tracks/tracks\ for\ update\ scan\ art\ test
./movetags.py -s unitTest.db -d unitTest.db
Cloning AFTER data to: /home/chow/Applications/sonospy/sonospy/unit test files/music tracks/copy target location during update scan test
Cloning /home/chow/Applications/sonospy/sonospy/unit test files/music tracks/tracks for update scan test/after update: ['Will be inserted 01.flac', 'Unmodified.flac', 'Modified two.flac', 'Modified one.flac', 'Will be inserted 02.flac']
./gettags.py -d unitTest.db /home/chow/Applications/sonospy/sonospy/unit\ test\ files/music\ tracks/copy\ target\ location\ during\ update\ scan\ test /home/chow/Applications/sonospy/sonospy/unit\ test\ files/music\ tracks/tracks\ for\ update\ scan\ art\ test
./movetags.py -s unitTest.db -d unitTest.db
FF..essing tag: 2 1
======================================================================
FAIL: test_album_row_contents (utest_scan.TestRowContentsFromInitialScan)
----------------------------------------------------------------------
Traceback (most recent call last):
  File "utest_scan.py", line 600, in test_album_row_contents
    perform_and_assert_comparison(self,param)
  File "utest_scan.py", line 380, in perform_and_assert_comparison
    self.assertEqual(row_file_values, row_test_values[number_of_rows_compared], 'Unexpected value in {0} table'.format(param.tableName))
AssertionError: {'album': 'Unit Test Album 3', 'lastplayed': '', 'upnpclass': 'object.container. [truncated]... != {'album': 'Unit Test Album 3', 'lastplayed': '', 'upnpclass': 'object.container. [truncated]...
  {'album': 'Unit Test Album 3',
   'albumartist': 'Unit Test Artist 2',
   'albumtype': 10,
   'artist': 'Unit Test Artist 2',
   'composer': '',
-  'cover': 'folder.jpg',
+  'cover': 'd:\\Documents and Settings\\BMOSS\\My Documents\\Sonos Project\\unstableOLD\\sonospy\\unit test files\\music tracks\\tracks for main tests\\FLAC\\folder.jpg',
   'duplicate': 0,
   'id': 300000001,
   'lastplayed': '',
   'parentID': '300000000',
   'tracknumbers': '30',
   'upnpclass': 'object.container.album.musicAlbum',
   'year': 728659} : Unexpected value in Albums table

======================================================================
FAIL: test_track_row_contents (utest_scan.TestRowContentsFromInitialScan)
----------------------------------------------------------------------
Traceback (most recent call last):
  File "utest_scan.py", line 611, in test_track_row_contents
    perform_and_assert_comparison(self,param)
  File "utest_scan.py", line 380, in perform_and_assert_comparison
    self.assertEqual(row_file_values, row_test_values[number_of_rows_compared], 'Unexpected value in {0} table'.format(param.tableName))
AssertionError: {'comment': '', 'bitspersample': 16, 'lastplayed': '', 'parentID': '600000000',  [truncated]... != {'comment': '', 'bitspersample': 16, 'lastplayed': '', 'parentID': '600000000',  [truncated]...
  {'album': 'Unit Test Album 3',
   'albumartist': 'Unit Test Artist 2',
   'artist': 'Unit Test Artist 2',
   'bitrate': 0,
   'bitspersample': 16,
   'channels': 2,
   'codec': 'FLAC',
   'comment': '',
   'composer': '',
   'discnumber': 6,
   'duplicate': 0,
   'filename': 'No albumartist.flac',
-  'folderart': 'folder.jpg',
+  'folderart': 'd:\\Documents and Settings\\BMOSS\\My Documents\\Sonos Project\\unstableOLD\\sonospy\\unit test files\\music tracks\\tracks for main tests\\FLAC\\folder.jpg',
   'folderartid': 1,
   'genre': 'Jazz',
   'id2': '3db38fcd26c8053786a1180146aa22f0',
   'lastplayed': '',
   'length': 7,
   'mime': 'audio/x-flac',
   'parentID': '600000000',
-  'path': 'FLAC',
+  'path': 'd:\\Documents and Settings\\BMOSS\\My Documents\\Sonos Project\\unstableOLD\\sonospy\\unit test files\\music tracks\\tracks for main tests\\FLAC',
   'samplerate': 44100,
   'size': 30870,
   'title': 'No AlbumArtist',
   'trackart': 'None',
   'trackartid': 0,
   'tracknumber': 30,
   'upnpclass': 'object.item.audioItem.musicTrack',
   'year': 728659} : Unexpected value in Tracks table

======================================================================
FAIL: test_table__album_contents (utest_scan.TestUpdateScans)
----------------------------------------------------------------------
Traceback (most recent call last):
  File "utest_scan.py", line 781, in test_table__album_contents
    perform_and_assert_comparison(self,param)
  File "utest_scan.py", line 380, in perform_and_assert_comparison
    self.assertEqual(row_file_values, row_test_values[number_of_rows_compared], 'Unexpected value in {0} table'.format(param.tableName))
AssertionError: {'album': 'Add Album 2', 'lastplayed': '', 'upnpclass': 'object.container.album. [truncated]... != {'album': 'Add Album 2', 'lastplayed': '', 'upnpclass': 'object.container.album. [truncated]...
  {'album': 'Add Album 2',
   'albumartist': 'Add Artist 1',
   'albumtype': 10,
   'artist': 'Add Artist 2',
   'composer': '',
-  'cover': 'folder.jpg',
+  'cover': 'd:\\Documents and Settings\\BMOSS\\My Documents\\Sonos Project\\unstableOLD\\sonospy\\unit test files\\music tracks\\tracks for update scan art test\\folder.jpg',
   'duplicate': 0,
   'id': 300000002,
   'lastplayed': '',
   'parentID': '300000000',
   'tracknumbers': '2,4',
   'upnpclass': 'object.container.album.musicAlbum',
   'year': 734138} : Unexpected value in Albums table

======================================================================
FAIL: test_table__track_contents (utest_scan.TestUpdateScans)
----------------------------------------------------------------------
Traceback (most recent call last):
  File "utest_scan.py", line 789, in test_table__track_contents
    perform_and_assert_comparison(self,param)
  File "utest_scan.py", line 380, in perform_and_assert_comparison
    self.assertEqual(row_file_values, row_test_values[number_of_rows_compared], 'Unexpected value in {0} table'.format(param.tableName))
AssertionError: {'comment': '', 'bitspersample': 16, 'lastplayed': '', 'parentID': '600000000',  [truncated]... != {'comment': '', 'bitspersample': 16, 'lastplayed': '', 'parentID': '600000000',  [truncated]...
  {'album': 'Add Album 1',
   'albumartist': 'Add Artist 1',
   'artist': 'Add Artist 1',
   'bitrate': 0,
   'bitspersample': 16,
   'channels': 2,
   'codec': 'FLAC',
   'comment': '',
   'composer': '',
   'discnumber': 1,
   'duplicate': 0,
   'filename': 'Modified one.flac',
   'folderart': 'None',
   'folderartid': 0,
   'genre': 'Jazz',
   'id2': '3e9091dba44074f5dc6bae515e161e42',
   'lastplayed': '',
   'length': 7,
   'mime': 'audio/x-flac',
   'parentID': '600000000',
-  'path': 'copy target location during update scan test',
+  'path': 'd:\\Documents and Settings\\BMOSS\\My Documents\\Sonos Project\\unstableOLD\\sonospy\\unit test files\\music tracks\\copy target location during update scan test',
   'samplerate': 44100,
   'size': 30870,
   'title': 'Modified change year 1966 to 2011',
   'trackart': 'None',
   'trackartid': 0,
   'tracknumber': 1,
   'upnpclass': 'object.item.audioItem.musicTrack',
   'year': 734138} : Unexpected value in Tracks table

----------------------------------------------------------------------
Ran 7 tests in 60.261s

FAILED (failures=4)

